      4    744

Cavi                            ATG TCG GGA GGT GGT GTG ATT CGT GGG CCG GCA GGG AAC AAC GAC TGT CGC ATC TAC GTG GGA AAC TTA CCT CCA GAC ATC CGA ACC AAG GAC ATT GAG GAC GTG TTT TAT AAA TAC GGC GCT ATC CGC GAC ATC GAT CTC AAA AAT CGC CGC GGG GGA CCG CCC TTC GCC TTC GTA GAG TTC GAG GAC CCG CGA GAC GCG GAA GAC GCG GTG TAC GGT CGC GAC GGC TAC GAT TAC GAC GGC TAC CGT CTG CGG GTG GAG TTT CCT CGA AGC GGC CGT GGT ACA GGC CGA GGC GGC GGC GGG GGT GGA GGT GGT GGA GCG CCC CGA GGC CGC TAT GGC CCC CCA TCC AGG CGA TCT GAA AAC AGA GTG GTT GTC TCT GGA CTT CCT CCA AGT GGA AGC TGG CAG GAC TTA AAG GAT CAC ATG CGT GAA GCA GGT GAT GTA TGT TAT GCT GAT GTT TAC CGA GAT GGC ACT GGT GTC GTG GAG TTT GTA CGG AAA GAA GAT ATG ACC TAT GCG GTT CGA AAA CTG GAT AAC ACT AAG TTT AGA TCT CAT GAG GGA GAA ACT GCC TAC ATC CGG GTT AAA GTT GAT GGG CCC AGA AGT CCA AGT TAC GGA AGA TCT CGA TCT CGA AGC CGT AGT CGT AGC AGA AGC CGT AGC AGA AGC AAC AGC AGG AGT CGC AGT TAC TCC CCA AGG AGA AGC AGA GGA TCA CCA CGC TAT TCT CCC CGT CAT AGC AGA TCT CGC TCT CGT ACA 
Mus_                            ATG TCG GGA GGT GGT GTG ATC CGT GGC CCG GCG GGG AAC AAC GAC TGC CGC ATC TAC GTG GGT AAC CTA CCT CCG GAT ATC CGA ACC AAG GAC ATC GAG GAC GTG TTT TAC AAA TAC GGC GCC ATC CGC GAC ATC GAC CTG AAG AAC CGC CGC GGG GGA CCG CCC TTC GCC TTC GTT GAG TTC GAG GAC CCG CGA GAC GCG GAA GAT GCG GTG TAC GGT CGC GAC GGC TAC GAC TAC GAC GGC TAC CGG CTG CGG GTA GAG TTT CCC CGA AGC GGC CGC GGG ACC GGC CGA GGC GGC GGC GGG GGT GGA GGC GGC GGC GCC CCG AGA GGC CGC TAT GGC CCG CCG TCC AGG CGG TCC GAG AAC AGA GTG GTT GTC TCT GGA CTG CCT CCG AGT GGA AGC TGG CAG GAC TTA AAG GAT CAC ATG CGT GAG GCA GGT GAT GTA TGT TAC GCT GAT GTT TAC CGA GAT GGC ACT GGT GTC GTG GAG TTT GTA CGG AAA GAA GAT ATG ACG TAT GCA GTT CGA AAA CTG GAT AAC ACT AAG TTT AGA TCT CAC --- --- GAG GTA GGT TAT ACA CTT ATT CTT TTT TTT GGC CAG AAT TGG ATA CAG TTT --- --- --- --- --- --- --- --- --- --- --- --- --- --- --- --- --- --- --- --- --- --- --- --- --- --- --- --- --- --- --- --- --- --- --- --- --- --- --- --- --- --- --- --- --- --- 
Homo                            ATG TCG GGA GGT GGT GTG ATT CGT GGC CCC GCA GGG AAC AAC GAT TGC CGC ATC TAC GTG GGT AAC TTA CCT CCA GAC ATC CGA ACC AAG GAC ATT GAG GAC GTG TTC TAC AAA TAC GGC GCT ATC CGC GAC ATC GAC CTC AAG AAT CGC CGC GGG GGA CCG CCC TTC GCC TTC GTT GAG TTC GAG GAC CCG CGA GAC GCG GAA GAC GCG GTG TAT GGT CGC GAC GGC TAT GAT TAC GAT GGG TAC CGT CTG CGG GTG GAG TTT CCT CGA AGC GGC CGT GGA ACA GGC CGA GGC GGC GGC GGG GGT GGA GGT GGC GGA GCT CCC CGA GGT CGC TAT GGC CCC CCA TCC AGG CGG TCT GAA AAC AGA GTG GTT GTC TCT GGA CTG CCT CCA AGT GGA AGT TGG CAG GAT TTA AAG GAT CAC ATG CGT GAA GCA GGT GAT GTA TGT TAT GCT GAT GTT TAC CGA GAT GGC ACT GGT GTC GTG GAG TTT GTA CGG AAA GAA GAT ATG ACC TAT GCA GTT CGA AAA CTG GAT AAC ACT AAG TTT AGA TCT CAT GAG GGA GAA ACT GCC TAC ATC CGG GTT AAA GTT GAT GGG CCC AGA AGT CCA AGT TAT GGA AGA TCT CGA TCT CGA AGC CGT AGT CGT AGC AGA AGC CGT AGC AGA AGC AAC AGC AGG AGT CGC AGT TAC TCC CCA AGG AGA AGC AGA GGA TCA CCA CGC TAT TCT CCC CGT CAT AGC AGA TCT CGC TCT CGT ACA 
Gall                            ATG TCC GGA GGG GGC GTG ATC CGC GGC CCA GCC GGC AAT AAC GAC TGC CGC ATC TAC GTG GGC AAC CTG CCC CCC GAC ATC CGC ACC AAG GAC ATC GAG GAC GTC TTC TAC AAA TAC GGC GCC ATC CGC GAC ATC GAC CTG AAG AAC CGC CGC GGA GGG CCG CCC TTC GCC TTC GTG GAG TTC GAG GAC CCC AGG GAC GCG GAG GAC GCC GTC TAC GGG CGG GAC GGT TAC GAT TAC GAT GGG TAT CGC CTC CGC GTG GAG TTC CCT CGC AGC GGC CGG GGC ACC GGC AGA GGA GGC GGC GGC GGC GGA GGG GGC GGA GCC CCG CGG GGC AGG TAC GGC CCC CCG TCC CGG CGA TCG GAG TAC AGA GTG ATC GTC TCG GGG CTG CCT CCA AGT GGA AGT TGG CAG GAT TTA AAG GAT CAC ATG CGT GAA GCA GGT GAT GTA TGT TAT GCT GAT GTT TTC CGA GAT GGC ACT GGT GTC GTG GAG TTT GTA CGG AAG GAA GAT ATG ACC TAC GCT GTG CGA AAA CTG GAT AAC ACT AAG TTT AGA TCT CAT GAG GGA GAA ACT GCC TAC ATC CGT GTT AAA GTT GAT GGT CCA AGA AGT CCA AGC TAT GGA AGA TCT CGG TCA CGC AGC CGT AGT CGT AGC AGA AGC CGT AGT CGA AGC AAC AGC AGA AGC CGC AGT TAT TCC CCA AGA AGA AGC AGA GGA TCT CCA CGC TAC TCT CCC CGC CAC AGC AGA TCC CGA TCT CGT ACA 



Printing out site pattern counts


         4        498  P

Cavi                             AAA AAA AAA AAA AAC AAC AAC AAC AAG AAT ACA ACA ACC ACC ACT ACT AGA AGA AGA AGA AGC AGC AGC AGC AGG AGG AGT AGT AGT AGT AGT ATC ATC ATG ATT CAC CAG CAT CAT CCA CCA CCA CCA CCA CCC CCC CCC CCC CCC CCG CCG CCG CCT CCT CCT CGA CGA CGA CGA CGA CGA CGA CGA CGC CGC CGC CGC CGC CGG CGG CGG CGT CGT CGT CGT CGT CGT CTC CTG CTG CTT GAA GAA GAA GAA GAC GAC GAC GAC GAG GAG GAT GAT GAT GAT GCA GCA GCC GCC GCG GCG GCG GCG GCT GCT GGA GGA GGA GGA GGA GGC GGC GGC GGC GGC GGG GGG GGG GGG GGT GGT GGT GGT GGT GGT GTA GTA GTC GTG GTG GTG GTT GTT GTT GTT GTT TAC TAC TAC TAC TAC TAC TAC TAT TAT TAT TAT TCA TCC TCC TCG TCT TCT TCT TCT TCT TCT TGG TGT TGT TTA TTA TTC TTT TTT TTT
Mus_                             AAA AAA AAG CTT --- AAC AAC AAC AAG AAC --- ACC ACC ACG ACT GTA --- --- AAT AGA --- --- AGC AGC --- AGG --- --- AGT CAG TGG ACA ATC ATG ATC CAC CAG --- CAC --- ATA CCG CCG CCG --- CAG CCC CCG CCG CCG CCG CCG CCC CCT CCT --- --- AGA CGA CGA CGA CGA CGG --- --- CGC CGC CGC CGG CGG CTT --- --- CGC CGG CGT CGT CTG CTG CTG CTG GAA GAA GAG GAG GAC GAC GAC GAT --- GAG GAC GAC GAT TTT GCA GCG GCC GGT GCA GCC GCG GCG GCC GCT --- GGA GGA GGC GGT GGC GGC GGC GGC GGC GGC GGC GGG GGG GGC GGC GGG GGT GGT GGT GTA GTT GTC GTA GTG GTG ATT GTT GTT GTT TTT --- TAC TAC TAC TAC TAT TTT --- TAC TAC TAT --- --- TCC TCG --- --- --- TCC TCT TCT TGG TGC TGT CTA TTA TTC TTT TTT TTT
Homo                             AAA AAA AAG AAA AAC AAC AAC AAC AAG AAT ACA ACA ACC ACC ACT ACT AGA AGA AGA AGA AGC AGC AGC AGT AGG AGG AGT AGT AGT AGT AGT ATC ATC ATG ATT CAC CAG CAT CAT CCA CCA CCA CCA CCA CCC CCC CCC CCC CCC CCC CCG CCG CCT CCT CCT CGA CGA CGA CGA CGA CGA CGA CGG CGC CGC CGC CGC CGC CGG CGG CGG CGT CGT CGT CGT CGT CGT CTC CTG CTG CTG GAA GAA GAA GAA GAC GAT GAT GAC GAG GAG GAC GAT GAT GAT GCA GCA GCC GCC GCA GCT GCG GCG GCT GCT GGA GGA GGA GGA GGT GGC GGC GGC GGG GGT GGC GGG GGG GGG GGC GGT GGA GGT GGT GGT GTA GTT GTC GTG GTG GTG GTT GTT GTT GTT GTT TAC TAC TAC TAC TAT TAC TAT TAT TAC TAT TAT TCA TCC TCC TCG TCT TCT TCT TCT TCT TCT TGG TGC TGT TTA TTA TTC TTC TTT TTT
Gall                             AAA AAG AAG AAA AAC AAC AAT TAC AAG AAC ACA ACC ACC ACC ACT ACT AGA CGA AGA AGA AGC AGT AGC AGT AGA CGG AGC AGT AGT AGC AGT ATC ATC ATG ATC CAC CAG CAC CAT CCA CCA CCA CCC CCG CCC CCA CCC CCC CCG CCA CCC CCG CCT CCC CCT CGC CGG CGG AGA AGG CGA CGC CGA CGA CGC AGG CGC CGG CGC CGG CGT CGC CGT CGG CGC CGC CGT CTG CTC CTG CTG GAA GAG GAA GAG GAC GAC GAT GAC GAG GAG GAC GAT GAT GAT GCA GCC GCC GCC GCT GCC GCC GCG GCC GCT GGA GGA GGG GGA GGC GGA GGC GGT GGG GGC GGC GGT GGA GGC GGC GGG GGC GGC GGG GGT GTA GTG GTC GTG GTC GTG GTT ATC GTG GTT GTT TAT TAC TAT TTC TAC TAC TAT TAC TAC TAT TAC TCT TCC TCC TCC TCA TCC TCT TCG TCG TCT TGG TGC TGT CTG TTA TTC TTC TTC TTT



    2    1    1    1    1    3    1    1    3    1    1    1    1    1    2
    1    5    1    1    2    7    1    1    1    2    1    1    2    1    1
    1    1    4    3    2    1    1    1    1    2    1    1    1    1    1
    1    1    1    1    1    1    1    1    1    1    1    1    1    1    1
    2    2    1    1    2    1    4    1    1    1    1    1    4    1    1
    1    1    1    1    1    1    1    1    2    1    6    1    2    2    1
    5    1    1    6    1    1    1    1    1    1    1    1    1    1    1
    3    3    2    1    1    1    7    1    1    1    1    1    1    2    1
    1    1    2    2    2    2    1    2    1    2    4    1    1    1    1
    1    1    3    1    1    2    1    1    1    1    1    2    1    1    1
    1    1    1    3    1    1    1    1    1    1    1    1    3    1    1
    2

CODONML (in paml version 4.9i, September 2018)  Alg_NucSeq_PY_project_2_input_SRSF1.phy
Model: One dN/dS ratio, 
Codon frequency model: F3x4
ns =   4  ls = 248

Codon usage in sequences
------------------------------------------------------------------------------------------------------
Phe TTT   4   7   3   2 | Ser TCT   8   2   8   5 | Tyr TAT   5   3   7   4 | Cys TGT   2   1   1   1
    TTC   3   3   4   6 |     TCC   2   2   2   4 |     TAC  10   9   8  11 |     TGC   0   1   1   1
Leu TTA   2   1   2   1 |     TCA   1   0   1   1 | *** TAA   0   0   0   0 | *** TGA   0   0   0   0
    TTG   0   0   0   0 |     TCG   1   1   1   2 |     TAG   0   0   0   0 | Trp TGG   1   2   1   1
------------------------------------------------------------------------------------------------------
Leu CTT   1   2   0   0 | Pro CCT   3   2   3   2 | His CAT   2   0   2   1 | Arg CGT   9   2   9   6
    CTC   1   0   1   1 |     CCC   5   2   6   6 |     CAC   1   2   1   2 |     CGC   9   7   9  13
    CTA   0   1   0   0 |     CCA   6   0   6   6 | Gln CAA   0   0   0   0 |     CGA  10   6   9   5
    CTG   2   4   3   4 |     CCG   3   8   2   3 |     CAG   1   3   1   1 |     CGG   3   4   4   6
------------------------------------------------------------------------------------------------------
Ile ATT   2   1   2   0 | Thr ACT   3   2   3   3 | Asn AAT   1   1   1   1 | Ser AGT   6   1   7   6
    ATC   5   6   5   8 |     ACC   2   2   2   3 |     AAC   6   6   6   5 |     AGC  10   2   9  10
    ATA   0   1   0   0 |     ACA   2   1   2   1 | Lys AAA   5   3   4   3 | Arg AGA   9   3   9  11
Met ATG   3   3   3   3 |     ACG   0   1   0   0 |     AAG   3   4   4   5 |     AGG   3   1   3   2
------------------------------------------------------------------------------------------------------
Val GTT   5   4   6   3 | Ala GCT   2   1   3   2 | Asp GAT   9   8  11  10 | Gly GGT   9   8   9   4
    GTC   2   2   2   4 |     GCC   2   3   2   6 |     GAC  11  11   9  10 |     GGC  11  16  11  16
    GTA   3   4   2   2 |     GCA   2   2   3   1 | Glu GAA   5   2   5   3 |     GGA  10   5  10   9
    GTG   7   6   7   7 |     GCG   4   3   2   1 |     GAG   6   8   6   8 |     GGG   5   4   5   6
------------------------------------------------------------------------------------------------------

Codon position x base (3x4) table for each sequence.

#1: Cavi           
position  1:    T:0.15726    C:0.22581    A:0.24194    G:0.37500
position  2:    T:0.16129    C:0.18548    A:0.26210    G:0.39113
position  3:    T:0.28629    C:0.32258    A:0.22177    G:0.16935
Average         T:0.20161    C:0.24462    A:0.24194    G:0.31183

#2: Mus_           
position  1:    T:0.16000    C:0.21500    A:0.19000    G:0.43500
position  2:    T:0.22500    C:0.16000    A:0.30000    G:0.31500
position  3:    T:0.22500    C:0.37000    A:0.14500    G:0.26000
Average         T:0.20333    C:0.24833    A:0.21167    G:0.33667

#3: Homo           
position  1:    T:0.15726    C:0.22581    A:0.24194    G:0.37500
position  2:    T:0.16129    C:0.18548    A:0.26210    G:0.39113
position  3:    T:0.30242    C:0.31452    A:0.21371    G:0.16935
Average         T:0.20699    C:0.24194    A:0.23925    G:0.31183

#4: Gall           
position  1:    T:0.15726    C:0.22581    A:0.24597    G:0.37097
position  2:    T:0.16532    C:0.18548    A:0.25806    G:0.39113
position  3:    T:0.20161    C:0.42742    A:0.17339    G:0.19758
Average         T:0.17473    C:0.27957    A:0.22581    G:0.31989

Sums of codon usage counts
------------------------------------------------------------------------------
Phe F TTT      16 | Ser S TCT      23 | Tyr Y TAT      19 | Cys C TGT       5
      TTC      16 |       TCC      10 |       TAC      38 |       TGC       3
Leu L TTA       6 |       TCA       3 | *** * TAA       0 | *** * TGA       0
      TTG       0 |       TCG       5 |       TAG       0 | Trp W TGG       5
------------------------------------------------------------------------------
Leu L CTT       3 | Pro P CCT      10 | His H CAT       5 | Arg R CGT      26
      CTC       3 |       CCC      19 |       CAC       6 |       CGC      38
      CTA       1 |       CCA      18 | Gln Q CAA       0 |       CGA      30
      CTG      13 |       CCG      16 |       CAG       6 |       CGG      17
------------------------------------------------------------------------------
Ile I ATT       5 | Thr T ACT      11 | Asn N AAT       4 | Ser S AGT      20
      ATC      24 |       ACC       9 |       AAC      23 |       AGC      31
      ATA       1 |       ACA       6 | Lys K AAA      15 | Arg R AGA      32
Met M ATG      12 |       ACG       1 |       AAG      16 |       AGG       9
------------------------------------------------------------------------------
Val V GTT      18 | Ala A GCT       8 | Asp D GAT      38 | Gly G GGT      30
      GTC      10 |       GCC      13 |       GAC      41 |       GGC      54
      GTA      11 |       GCA       8 | Glu E GAA      15 |       GGA      34
      GTG      27 |       GCG      10 |       GAG      28 |       GGG      20
------------------------------------------------------------------------------

(Ambiguity data are not used in the counts.)


Codon position x base (3x4) table, overall

position  1:    T:0.15784    C:0.22352    A:0.23199    G:0.38665
position  2:    T:0.17585    C:0.18008    A:0.26907    G:0.37500
position  3:    T:0.25530    C:0.35805    A:0.19068    G:0.19597
Average         T:0.19633    C:0.25388    A:0.23058    G:0.31921

Codon frequencies under model, for use in evolver (TTT TTC TTA TTG ... GGG):
  0.00728783  0.01022111  0.00544319  0.00559439
  0.00746344  0.01046740  0.00557435  0.00572920
  0.01115126  0.01563953  0.00000000  0.00000000
  0.01554152  0.02179682  0.00000000  0.01193021
  0.01032035  0.01447419  0.00770815  0.00792226
  0.01056903  0.01482296  0.00789388  0.00811316
  0.01579138  0.02214725  0.01179439  0.01212201
  0.02200846  0.03086664  0.01643785  0.01689446
  0.01071164  0.01502297  0.00800040  0.00822263
  0.01096976  0.01538497  0.00819318  0.00842077
  0.01639011  0.02298695  0.01224157  0.01258162
  0.02284290  0.03203693  0.01706109  0.01753501
  0.01785274  0.02503828  0.01333400  0.01370439
  0.01828293  0.02564161  0.01365530  0.01403461
  0.02731684  0.03831159  0.02040262  0.02096936
  0.03807151  0.05339489  0.02843515  0.02922501


TREE #  1:  (((1, 2), 3), 4);   MP score: -1
This is a rooted tree.  Please check!
lnL(ntime:  6  np:  8):  -1627.199545      +0.000000
   5..6     6..7     7..1     7..2     6..3     5..4  
 0.291126 0.016567 0.066266 0.451225 0.020114 0.215387 1.592287 0.044556

Note: Branch length is defined as number of nucleotide substitutions per codon (not per neucleotide site).

tree length =  1.060684

(((1: 0.066266, 2: 0.451225): 0.016567, 3: 0.020114): 0.291126, 4: 0.215387);

(((Cavi: 0.066266, Mus_: 0.451225): 0.016567, Homo: 0.020114): 0.291126, Gall: 0.215387);

Detailed output identifying parameters

kappa (ts/tv) =  1.59229

omega (dN/dS) =  0.04456

dN & dS for each branch

 branch          t       N       S   dN/dS      dN      dS  N*dN  S*dS

   5..6      0.291   538.2   205.8  0.0446  0.0140  0.3142   7.5  64.7
   6..7      0.017   538.2   205.8  0.0446  0.0008  0.0179   0.4   3.7
   7..1      0.066   538.2   205.8  0.0446  0.0032  0.0715   1.7  14.7
   7..2      0.451   538.2   205.8  0.0446  0.0217  0.4870  11.7 100.2
   6..3      0.020   538.2   205.8  0.0446  0.0010  0.0217   0.5   4.5
   5..4      0.215   538.2   205.8  0.0446  0.0104  0.2325   5.6  47.8

tree length for dN:       0.0510
tree length for dS:       1.1448


Time used:  0:02
